<?xml version="1.0" encoding="UTF-8"?>
<testng-results skipped="0" failed="1" total="2" passed="1">
  <reporter-output>
  </reporter-output>
  <suite name="Default suite" duration-ms="34132" started-at="2017-02-14T18:03:47Z" finished-at="2017-02-14T18:04:21Z">
    <groups>
    </groups>
    <test name="Default test" duration-ms="34132" started-at="2017-02-14T18:03:47Z" finished-at="2017-02-14T18:04:21Z">
      <class name="recap.DropDowns">
        <test-method status="PASS" signature="openUrl()[pri:0, instance:recap.DropDowns@62e136d3]" name="openUrl" is-config="true" duration-ms="30739" started-at="2017-02-14T23:33:47Z" finished-at="2017-02-14T23:34:18Z">
          <reporter-output>
          </reporter-output>
        </test-method> <!-- openUrl -->
        <test-method status="FAIL" signature="testDropDown()[pri:0, instance:recap.DropDowns@62e136d3]" name="testDropDown" duration-ms="1677" started-at="2017-02-14T23:34:18Z" finished-at="2017-02-14T23:34:19Z">
          <exception class="java.lang.AssertionError">
            <message>
              <![CDATA[Match Not Found: Lists differ at element [0]: Sport Shoes != Sport Shoe expected [Sport Shoes] but found [Sport Shoe]]]>
            </message>
            <full-stacktrace>
              <![CDATA[java.lang.AssertionError: Match Not Found: Lists differ at element [0]: Sport Shoes != Sport Shoe expected [Sport Shoes] but found [Sport Shoe]
	at org.testng.Assert.fail(Assert.java:94)
	at org.testng.Assert.failNotEquals(Assert.java:496)
	at org.testng.Assert.assertEquals(Assert.java:125)
	at org.testng.Assert.assertEquals(Assert.java:551)
	at org.testng.Assert.assertEquals(Assert.java:670)
	at recap.DropDowns.testDropDown(DropDowns.java:40)
	at sun.reflect.NativeMethodAccessorImpl.invoke0(Native Method)
	at sun.reflect.NativeMethodAccessorImpl.invoke(Unknown Source)
	at sun.reflect.DelegatingMethodAccessorImpl.invoke(Unknown Source)
	at java.lang.reflect.Method.invoke(Unknown Source)
	at org.testng.internal.MethodInvocationHelper.invokeMethod(MethodInvocationHelper.java:85)
	at org.testng.internal.Invoker.invokeMethod(Invoker.java:639)
	at org.testng.internal.Invoker.invokeTestMethod(Invoker.java:816)
	at org.testng.internal.Invoker.invokeTestMethods(Invoker.java:1124)
	at org.testng.internal.TestMethodWorker.invokeTestMethods(TestMethodWorker.java:125)
	at org.testng.internal.TestMethodWorker.run(TestMethodWorker.java:108)
	at org.testng.TestRunner.privateRun(TestRunner.java:774)
	at org.testng.TestRunner.run(TestRunner.java:624)
	at org.testng.SuiteRunner.runTest(SuiteRunner.java:359)
	at org.testng.SuiteRunner.runSequentially(SuiteRunner.java:354)
	at org.testng.SuiteRunner.privateRun(SuiteRunner.java:312)
	at org.testng.SuiteRunner.run(SuiteRunner.java:261)
	at org.testng.SuiteRunnerWorker.runSuite(SuiteRunnerWorker.java:52)
	at org.testng.SuiteRunnerWorker.run(SuiteRunnerWorker.java:86)
	at org.testng.TestNG.runSuitesSequentially(TestNG.java:1215)
	at org.testng.TestNG.runSuitesLocally(TestNG.java:1140)
	at org.testng.TestNG.run(TestNG.java:1048)
	at org.testng.remote.RemoteTestNG.run(RemoteTestNG.java:112)
	at org.testng.remote.RemoteTestNG.initAndRun(RemoteTestNG.java:205)
	at org.testng.remote.RemoteTestNG.main(RemoteTestNG.java:176)
]]>
            </full-stacktrace>
          </exception> <!-- java.lang.AssertionError -->
          <reporter-output>
          </reporter-output>
        </test-method> <!-- testDropDown -->
        <test-method status="PASS" signature="testMultipleSelect()[pri:0, instance:recap.DropDowns@62e136d3]" name="testMultipleSelect" duration-ms="1568" started-at="2017-02-14T23:34:19Z" finished-at="2017-02-14T23:34:21Z">
          <reporter-output>
          </reporter-output>
        </test-method> <!-- testMultipleSelect -->
        <test-method status="PASS" signature="closeBrowser()[pri:0, instance:recap.DropDowns@62e136d3]" name="closeBrowser" is-config="true" duration-ms="31" started-at="2017-02-14T23:34:21Z" finished-at="2017-02-14T23:34:21Z">
          <reporter-output>
          </reporter-output>
        </test-method> <!-- closeBrowser -->
      </class> <!-- recap.DropDowns -->
    </test> <!-- Default test -->
  </suite> <!-- Default suite -->
</testng-results>
